<?xml version="1.0" encoding="UTF-8"?>
<!-- Generated by org.testng.reporters.JUnitReportReporter -->
<testsuite hostname="DESKTOP-9P6IIEM" failures="0" tests="1" name="Practive_DataDrivenTesting.DBAndBackEndTest" time="0.457" errors="0" timestamp="2025-08-28T14:46:14 IST" skipped="0">
  <testcase classname="Practive_DataDrivenTesting.DBAndBackEndTest" name="projectCheckTest" time="0.457"/>
</testsuite> <!-- Practive_DataDrivenTesting.DBAndBackEndTest -->
