<?xml version="1.0" encoding="UTF-8"?>
<!-- Generated by org.testng.reporters.JUnitReportReporter -->
<testsuite hostname="DESKTOP-9P6IIEM" failures="0" tests="3" name="Practice.TestNG.sampleReportTest" time="0.019" errors="0" timestamp="2025-09-12T15:37:38 IST" skipped="0">
  <testcase classname="Practice.TestNG.sampleReportTest" name="createContactWithPhoneNumberTest" time="0.002"/>
  <testcase classname="Practice.TestNG.sampleReportTest" name="createContactOrg" time="0.015"/>
  <testcase classname="Practice.TestNG.sampleReportTest" name="createContactTest" time="0.002"/>
</testsuite> <!-- Practice.TestNG.sampleReportTest -->
