<?xml version="1.0" encoding="UTF-8"?>
<!-- Generated by org.testng.reporters.JUnitReportReporter -->
<testsuite hostname="DESKTOP-9P6IIEM" failures="0" tests="2" name="com.crm.generic.contactTest.CreateContact_BaseClass" time="0.005" errors="0" timestamp="2025-09-05T17:06:42 IST" skipped="0">
  <testcase classname="com.crm.generic.contactTest.CreateContact_BaseClass" name="createContactWithNum" time="0.002"/>
  <testcase classname="com.crm.generic.contactTest.CreateContact_BaseClass" name="createContacts" time="0.003"/>
</testsuite> <!-- com.crm.generic.contactTest.CreateContact_BaseClass -->
