<?xml version="1.0" encoding="UTF-8"?>
<!-- Generated by org.testng.reporters.JUnitReportReporter -->
<testsuite hostname="DESKTOP-9P6IIEM" failures="0" tests="2" name="Practice.TestNG.SampleTest" time="0.009" errors="0" timestamp="2025-09-04T12:53:09 IST" skipped="0">
  <testcase classname="Practice.TestNG.SampleTest" name="createContactTest" time="0.008"/>
  <testcase classname="Practice.TestNG.SampleTest" name="createContactWithMobileNumTest" time="0.001"/>
</testsuite> <!-- Practice.TestNG.SampleTest -->
