<?xml version="1.0" encoding="UTF-8"?>
<!-- Generated by org.testng.reporters.JUnitReportReporter -->
<testsuite hostname="DESKTOP-9P6IIEM" failures="0" tests="1" name="Practive_DataDrivenTesting.ReadDataFromTestNGXml" time="0.023" errors="0" timestamp="2025-08-22T17:06:38 IST" skipped="0">
  <testcase classname="Practive_DataDrivenTesting.ReadDataFromTestNGXml" name="sampleTest" time="0.023"/>
</testsuite> <!-- Practive_DataDrivenTesting.ReadDataFromTestNGXml -->
