<?xml version="1.0" encoding="UTF-8"?>
<!-- Generated by org.testng.reporters.JUnitReportReporter -->
<testsuite hostname="DESKTOP-9P6IIEM" failures="0" tests="4" name="Practice.TestNG.ContactTest" time="0.019" errors="0" timestamp="2025-09-05T16:03:20 IST" skipped="0">
  <testcase classname="Practice.TestNG.ContactTest" name="createContactTest" time="0.002"/>
  <testcase classname="Practice.TestNG.ContactTest" name="modifyContactTest" time="0.001"/>
  <testcase classname="Practice.TestNG.ContactTest" name="modifyContactTest" time="0.001"/>
  <testcase classname="Practice.TestNG.ContactTest" name="deleteContactTest" time="0.015"/>
</testsuite> <!-- Practice.TestNG.ContactTest -->
