<?xml version="1.0" encoding="UTF-8"?>
<!-- Generated by org.testng.reporters.JUnitReportReporter -->
<testsuite hostname="DESKTOP-9P6IIEM" failures="0" tests="2" name="Practice.TestNG.createOrg_BaseClass" time="0.009" errors="0" timestamp="2025-09-05T16:55:46 IST" skipped="0">
  <testcase classname="Practice.TestNG.createOrg_BaseClass" name="createOrgWithInd" time="0.001"/>
  <testcase classname="Practice.TestNG.createOrg_BaseClass" name="createOrg" time="0.008"/>
</testsuite> <!-- Practice.TestNG.createOrg_BaseClass -->
