<?xml version="1.0" encoding="UTF-8"?>
<!-- Generated by org.testng.reporters.JUnitReportReporter -->
<testsuite hostname="DESKTOP-9P6IIEM" failures="0" tests="3" name="Practice.TestNG.CreateContactTest_DataProvider" time="0.014" errors="0" timestamp="2025-09-04T17:16:15 IST" skipped="0">
  <testcase classname="Practice.TestNG.CreateContactTest_DataProvider" name="createContacTest" time="0.011"/>
  <testcase classname="Practice.TestNG.CreateContactTest_DataProvider" name="createContacTest" time="0.002"/>
  <testcase classname="Practice.TestNG.CreateContactTest_DataProvider" name="createContacTest" time="0.001"/>
</testsuite> <!-- Practice.TestNG.CreateContactTest_DataProvider -->
