<?xml version="1.0" encoding="UTF-8"?>
<!-- Generated by org.testng.reporters.JUnitReportReporter -->
<testsuite hostname="DESKTOP-9P6IIEM" failures="0" tests="3" name="Practice.TestNG.CreateContactTestWithPhoneNum_DP" time="0.022" errors="0" timestamp="2025-09-05T11:21:48 IST" skipped="0">
  <testcase classname="Practice.TestNG.CreateContactTestWithPhoneNum_DP" name="createContactWithNumTest" time="0.017"/>
  <testcase classname="Practice.TestNG.CreateContactTestWithPhoneNum_DP" name="createContactWithNumTest" time="0.003"/>
  <testcase classname="Practice.TestNG.CreateContactTestWithPhoneNum_DP" name="createContactWithNumTest" time="0.002"/>
</testsuite> <!-- Practice.TestNG.CreateContactTestWithPhoneNum_DP -->
