<?xml version="1.0" encoding="UTF-8"?>
<!-- Generated by org.testng.reporters.JUnitReportReporter -->
<testsuite hostname="DESKTOP-9P6IIEM" failures="0" tests="2" name="Practice.TestNG.createContact" time="0.012" errors="0" timestamp="2025-09-05T15:33:54 IST" skipped="0">
  <testcase classname="Practice.TestNG.createContact" name="createContactWithNum" time="0.003"/>
  <testcase classname="Practice.TestNG.createContact" name="createContact" time="0.009"/>
</testsuite> <!-- Practice.TestNG.createContact -->
