<?xml version="1.0" encoding="UTF-8"?>
<!-- Generated by org.testng.reporters.JUnitReportReporter -->
<testsuite hostname="DESKTOP-9P6IIEM" failures="0" tests="4" name="com.crm.generic.orgTest.CreateOrg_BaseClass" time="0.046" errors="0" timestamp="2025-09-09T11:06:54 IST" skipped="0">
  <testcase classname="com.crm.generic.orgTest.CreateOrg_BaseClass" name="createOrg" time="0.019"/>
  <testcase classname="com.crm.generic.orgTest.CreateOrg_BaseClass" name="createOrgWithInd" time="0.005"/>
  <testcase classname="com.crm.generic.orgTest.CreateOrg_BaseClass" name="createOrgWithInd" time="0.005"/>
  <testcase classname="com.crm.generic.orgTest.CreateOrg_BaseClass" name="createOrg" time="0.017"/>
</testsuite> <!-- com.crm.generic.orgTest.CreateOrg_BaseClass -->
