<?xml version="1.0" encoding="UTF-8"?>
<!-- Generated by org.testng.reporters.JUnitReportReporter -->
<testsuite hostname="DESKTOP-N2HG8IN" failures="0" tests="1" name="Practice.TestNG.CreateOldContact" time="0.020" errors="0" timestamp="2025-09-17T13:15:57 IST" skipped="0">
  <testcase classname="Practice.TestNG.CreateOldContact" name="methodName" time="0.020"/>
</testsuite> <!-- Practice.TestNG.CreateOldContact -->
