<?xml version="1.0" encoding="UTF-8"?>
<!-- Generated by org.testng.reporters.JUnitReportReporter -->
<testsuite hostname="DESKTOP-9P6IIEM" failures="0" tests="1" name="Practice_pom_repository.SampleTestWithPom" time="20.096" errors="0" timestamp="2025-09-03T12:10:47 IST" skipped="0">
  <testcase classname="Practice_pom_repository.SampleTestWithPom" name="sampleTest" time="20.096"/>
</testsuite> <!-- Practice_pom_repository.SampleTestWithPom -->
