<?xml version="1.0" encoding="UTF-8"?>
<!-- Generated by org.testng.reporters.JUnitReportReporter -->
<testsuite hostname="DESKTOP-9P6IIEM" failures="0" tests="4" name="Practice_BaseClass_SuiteExecution.createContact_BaseClass" time="0.037" errors="0" timestamp="2025-09-09T11:06:54 IST" skipped="0">
  <testcase classname="Practice_BaseClass_SuiteExecution.createContact_BaseClass" name="createContactWithNum" time="0.013"/>
  <testcase classname="Practice_BaseClass_SuiteExecution.createContact_BaseClass" name="createContact" time="0.010"/>
  <testcase classname="Practice_BaseClass_SuiteExecution.createContact_BaseClass" name="createContact" time="0.006"/>
  <testcase classname="Practice_BaseClass_SuiteExecution.createContact_BaseClass" name="createContactWithNum" time="0.008"/>
</testsuite> <!-- Practice_BaseClass_SuiteExecution.createContact_BaseClass -->
