<?xml version="1.0" encoding="UTF-8"?>
<!-- Generated by org.testng.reporters.JUnitXMLReporter -->
<testsuite ignored="0" hostname="DESKTOP-9P6IIEM" failures="0" tests="2" name="Test-1" time="0.094" errors="0" timestamp="2025-09-09T10:42:35 IST">
  <testcase classname="com.crm.generic.orgTest.CreateOrg_BaseClass" name="createOrg" time="0.014"/>
  <testcase classname="com.crm.generic.orgTest.CreateOrg_BaseClass" name="createOrgWithInd" time="0.003"/>
</testsuite> <!-- Test-1 -->
