<?xml version="1.0" encoding="UTF-8"?>
<!-- Generated by org.testng.reporters.JUnitXMLReporter -->
<testsuite ignored="0" hostname="DESKTOP-9P6IIEM" failures="0" tests="2" name="Test-2" time="0.094" errors="0" timestamp="2025-09-09T10:42:35 IST">
  <testcase classname="Practice_BaseClass_SuiteExecution.createContact_BaseClass" name="createContact" time="0.015"/>
  <testcase classname="Practice_BaseClass_SuiteExecution.createContact_BaseClass" name="createContactWithNum" time="0.002"/>
</testsuite> <!-- Test-2 -->
